<?xml version="1.0" encoding="UTF-8"?>
<!-- Generated by org.testng.reporters.JUnitXMLReporter -->
<testsuite hostname="HYD-LAP-00451" ignored="0" name="RiskMitigation" tests="2" failures="0" timestamp="2021-01-21T22:06:42 IST" time="41.724" errors="0">
  <testcase name="clickPreventiveMaintenancePageLink" time="0.19" classname="com.cisco.tests.insights.riskMitigation.RiskMitigationPageIT"/>
  <testcase name="clickLogout" time="5.02" classname="com.cisco.tests.insights.riskMitigation.RiskMitigationPageIT"/>
</testsuite> <!-- RiskMitigation -->
