<?xml version="1.0" encoding="UTF-8"?>
<!-- Generated by org.testng.reporters.JUnitReportReporter -->
<testsuite skipped="1" hostname="HYD-LAP-00451" name="com.cisco.tests.sp2k.PreventiveMaintenanceIT" tests="3" failures="0" timestamp="2021-01-25T18:13:40 IST" time="17.127" errors="1">
  <testcase name="checkPreventiveMaintenancePageLink" time="0.640" classname="com.cisco.tests.sp2k.PreventiveMaintenanceIT"/>
  <system-out/>
  <testcase name="clickPreventiveMaintenancePageLink" time="8.892" classname="com.cisco.tests.sp2k.PreventiveMaintenanceIT">
    <skipped/>
  </testcase> <!-- clickPreventiveMaintenancePageLink -->
  <system-out/>
  <testcase name="clickPreventiveMaintenancePageLink" time="7.595" classname="com.cisco.tests.sp2k.PreventiveMaintenanceIT">
    <error type="org.openqa.selenium.NoSuchElementException" message="Element with locator not found : //font[normalize-space()=&#039;Preventive Maintenance&#039;]
For documentation on this error, please visit: https://www.seleniumhq.org/exceptions/no_such_element.html
Build info: version: &#039;3.141.59&#039;, revision: &#039;e82be7d358&#039;, time: &#039;2018-11-14T08:17:03&#039;
System info: host: &#039;HYD-LAP-00451&#039;, ip: &#039;10.14.20.159&#039;, os.name: &#039;Windows 10&#039;, os.arch: &#039;amd64&#039;, os.version: &#039;10.0&#039;, java.version: &#039;1.8.0_91&#039;
Driver info: driver.version: unknown">
      <![CDATA[org.openqa.selenium.NoSuchElementException: Element with locator not found : //font[normalize-space()='Preventive Maintenance']
For documentation on this error, please visit: https://www.seleniumhq.org/exceptions/no_such_element.html
Build info: version: '3.141.59', revision: 'e82be7d358', time: '2018-11-14T08:17:03'
System info: host: 'HYD-LAP-00451', ip: '10.14.20.159', os.name: 'Windows 10', os.arch: 'amd64', os.version: '10.0', java.version: '1.8.0_91'
Driver info: driver.version: unknown
at com.cisco.base.DriverUtils.getWebElement(DriverUtils.java:74)
at com.cisco.pages.sp2k.PreventiveMaintenancePage.clickPreventiveMaintenanceLink(PreventiveMaintenancePage.java:31)
at com.cisco.tests.sp2k.PreventiveMaintenanceIT.clickPreventiveMaintenancePageLink(PreventiveMaintenanceIT.java:40)
at sun.reflect.NativeMethodAccessorImpl.invoke0(Native Method)
at sun.reflect.NativeMethodAccessorImpl.invoke(NativeMethodAccessorImpl.java:62)
at sun.reflect.DelegatingMethodAccessorImpl.invoke(DelegatingMethodAccessorImpl.java:43)
at java.lang.reflect.Method.invoke(Method.java:498)
at org.testng.internal.MethodInvocationHelper.invokeMethod(MethodInvocationHelper.java:132)
at org.testng.internal.MethodInvocationHelper$1.runTestMethod(MethodInvocationHelper.java:238)
at com.cisco.listeners.HooksListener.run(HooksListener.java:20)
at org.testng.internal.MethodInvocationHelper.invokeHookable(MethodInvocationHelper.java:252)
at org.testng.internal.InvokeMethodRunnable.runOne(InvokeMethodRunnable.java:47)
at org.testng.internal.InvokeMethodRunnable.call(InvokeMethodRunnable.java:73)
at org.testng.internal.InvokeMethodRunnable.run(InvokeMethodRunnable.java:33)
at org.testng.internal.MethodInvocationHelper.invokeWithTimeoutWithNoExecutor(MethodInvocationHelper.java:314)
at org.testng.internal.MethodInvocationHelper.invokeWithTimeout(MethodInvocationHelper.java:280)
at org.testng.internal.TestInvoker.invokeMethod(TestInvoker.java:605)
at org.testng.internal.TestInvoker.retryFailed(TestInvoker.java:214)
at org.testng.internal.MethodRunner.runInSequence(MethodRunner.java:58)
at org.testng.internal.TestInvoker$MethodInvocationAgent.invoke(TestInvoker.java:822)
at org.testng.internal.TestInvoker.invokeTestMethods(TestInvoker.java:147)
at org.testng.internal.TestMethodWorker.invokeTestMethods(TestMethodWorker.java:146)
at org.testng.internal.TestMethodWorker.run(TestMethodWorker.java:128)
at java.util.concurrent.ThreadPoolExecutor.runWorker(ThreadPoolExecutor.java:1142)
at java.util.concurrent.ThreadPoolExecutor$Worker.run(ThreadPoolExecutor.java:617)
at java.lang.Thread.run(Thread.java:745)
]]>
    </error>
  </testcase> <!-- clickPreventiveMaintenancePageLink -->
  <system-out/>
</testsuite> <!-- com.cisco.tests.sp2k.PreventiveMaintenanceIT -->
