<?xml version="1.0" encoding="UTF-8"?>
<!-- Generated by org.testng.reporters.JUnitReportReporter -->
<testsuite skipped="0" hostname="HYD-LAP-00451" name="com.cisco.tests.insights.riskMitigation.RiskMitigationPageIT" tests="2" failures="0" timestamp="2021-01-21T22:06:43 IST" time="5.327" errors="0">
  <testcase name="clickPreventiveMaintenancePageLink" time="0.220" classname="com.cisco.tests.insights.riskMitigation.RiskMitigationPageIT"/>
  <system-out/>
  <testcase name="clickLogout" time="5.107" classname="com.cisco.tests.insights.riskMitigation.RiskMitigationPageIT"/>
  <system-out/>
</testsuite> <!-- com.cisco.tests.insights.riskMitigation.RiskMitigationPageIT -->
