<?xml version="1.0" encoding="UTF-8"?>
<testng-results skipped="0" failed="1" ignored="0" retried="1" total="3" passed="1">
  <reporter-output>
  </reporter-output>
  <suite name="PriventiveMaintenance" duration-ms="59628" started-at="2021-01-25T18:12:39 IST" finished-at="2021-01-25T18:13:39 IST">
    <groups>
      <group name="regression">
        <method signature="PreventiveMaintenanceIT.checkPreventiveMaintenancePageLink()[pri:1, instance:com.cisco.tests.sp2k.PreventiveMaintenanceIT@cc6460c]" name="checkPreventiveMaintenancePageLink" class="com.cisco.tests.sp2k.PreventiveMaintenanceIT"/>
        <method signature="PreventiveMaintenanceIT.clickPreventiveMaintenancePageLink()[pri:2, instance:com.cisco.tests.sp2k.PreventiveMaintenanceIT@cc6460c]" name="clickPreventiveMaintenancePageLink" class="com.cisco.tests.sp2k.PreventiveMaintenanceIT"/>
      </group> <!-- regression -->
    </groups>
    <test name="PriventiveMaintenance" duration-ms="59628" started-at="2021-01-25T18:12:39 IST" finished-at="2021-01-25T18:13:39 IST">
      <class name="com.cisco.tests.sp2k.PreventiveMaintenanceIT">
        <test-method status="PASS" signature="instantiateDriverObject()[pri:0, instance:com.cisco.tests.sp2k.PreventiveMaintenanceIT@cc6460c]" name="instantiateDriverObject" is-config="true" duration-ms="139" started-at="2021-01-25T18:12:39 IST" finished-at="2021-01-25T18:12:39 IST">
          <reporter-output>
          </reporter-output>
        </test-method> <!-- instantiateDriverObject -->
        <test-method status="PASS" signature="verifyLoginToSP2K()[pri:0, instance:com.cisco.tests.sp2k.PreventiveMaintenanceIT@cc6460c]" name="verifyLoginToSP2K" is-config="true" duration-ms="42126" started-at="2021-01-25T18:12:40 IST" description="Verify Login to SP2K" finished-at="2021-01-25T18:13:22 IST">
          <reporter-output>
          </reporter-output>
        </test-method> <!-- verifyLoginToSP2K -->
        <test-method status="PASS" signature="launchBrowser()[pri:0, instance:com.cisco.tests.sp2k.PreventiveMaintenanceIT@cc6460c]" name="launchBrowser" is-config="true" duration-ms="0" started-at="2021-01-25T18:13:22 IST" finished-at="2021-01-25T18:13:22 IST">
          <reporter-output>
          </reporter-output>
        </test-method> <!-- launchBrowser -->
        <test-method status="PASS" signature="checkPreventiveMaintenancePageLink()[pri:1, instance:com.cisco.tests.sp2k.PreventiveMaintenanceIT@cc6460c]" name="checkPreventiveMaintenancePageLink" duration-ms="604" started-at="2021-01-25T18:13:22 IST" description="Verify Sp2k Main Menu Pages List" finished-at="2021-01-25T18:13:22 IST">
          <reporter-output>
          </reporter-output>
        </test-method> <!-- checkPreventiveMaintenancePageLink -->
        <test-method status="PASS" signature="clearCookies()[pri:0, instance:com.cisco.tests.sp2k.PreventiveMaintenanceIT@cc6460c]" name="clearCookies" is-config="true" duration-ms="36" started-at="2021-01-25T18:13:23 IST" finished-at="2021-01-25T18:13:23 IST">
          <reporter-output>
          </reporter-output>
        </test-method> <!-- clearCookies -->
        <test-method status="PASS" signature="launchBrowser()[pri:0, instance:com.cisco.tests.sp2k.PreventiveMaintenanceIT@cc6460c]" name="launchBrowser" is-config="true" duration-ms="1" started-at="2021-01-25T18:13:23 IST" finished-at="2021-01-25T18:13:23 IST">
          <reporter-output>
          </reporter-output>
        </test-method> <!-- launchBrowser -->
        <test-method status="SKIP" signature="clickPreventiveMaintenancePageLink()[pri:2, instance:com.cisco.tests.sp2k.PreventiveMaintenanceIT@cc6460c]" name="clickPreventiveMaintenancePageLink" duration-ms="8834" retried="true" started-at="2021-01-25T18:13:23 IST" description="verify and clicking on the Preventive Maintenance Page Link" finished-at="2021-01-25T18:13:31 IST">
          <exception class="org.openqa.selenium.NoSuchElementException">
            <message>
              <![CDATA[Element with locator not found : //font[normalize-space()='Preventive Maintenance']
For documentation on this error, please visit: https://www.seleniumhq.org/exceptions/no_such_element.html
Build info: version: '3.141.59', revision: 'e82be7d358', time: '2018-11-14T08:17:03'
System info: host: 'HYD-LAP-00451', ip: '10.14.20.159', os.name: 'Windows 10', os.arch: 'amd64', os.version: '10.0', java.version: '1.8.0_91'
Driver info: driver.version: unknown]]>
            </message>
            <full-stacktrace>
              <![CDATA[org.openqa.selenium.NoSuchElementException: Element with locator not found : //font[normalize-space()='Preventive Maintenance']
For documentation on this error, please visit: https://www.seleniumhq.org/exceptions/no_such_element.html
Build info: version: '3.141.59', revision: 'e82be7d358', time: '2018-11-14T08:17:03'
System info: host: 'HYD-LAP-00451', ip: '10.14.20.159', os.name: 'Windows 10', os.arch: 'amd64', os.version: '10.0', java.version: '1.8.0_91'
Driver info: driver.version: unknown
at com.cisco.base.DriverUtils.getWebElement(DriverUtils.java:74)
at com.cisco.pages.sp2k.PreventiveMaintenancePage.clickPreventiveMaintenanceLink(PreventiveMaintenancePage.java:31)
at com.cisco.tests.sp2k.PreventiveMaintenanceIT.clickPreventiveMaintenancePageLink(PreventiveMaintenanceIT.java:40)
at sun.reflect.NativeMethodAccessorImpl.invoke0(Native Method)
at sun.reflect.NativeMethodAccessorImpl.invoke(NativeMethodAccessorImpl.java:62)
at sun.reflect.DelegatingMethodAccessorImpl.invoke(DelegatingMethodAccessorImpl.java:43)
at java.lang.reflect.Method.invoke(Method.java:498)
at org.testng.internal.MethodInvocationHelper.invokeMethod(MethodInvocationHelper.java:132)
at org.testng.internal.MethodInvocationHelper$1.runTestMethod(MethodInvocationHelper.java:238)
at com.cisco.listeners.HooksListener.run(HooksListener.java:20)
at org.testng.internal.MethodInvocationHelper.invokeHookable(MethodInvocationHelper.java:252)
at org.testng.internal.InvokeMethodRunnable.runOne(InvokeMethodRunnable.java:47)
at org.testng.internal.InvokeMethodRunnable.call(InvokeMethodRunnable.java:73)
at org.testng.internal.InvokeMethodRunnable.run(InvokeMethodRunnable.java:33)
at org.testng.internal.MethodInvocationHelper.invokeWithTimeoutWithNoExecutor(MethodInvocationHelper.java:314)
at org.testng.internal.MethodInvocationHelper.invokeWithTimeout(MethodInvocationHelper.java:280)
at org.testng.internal.TestInvoker.invokeMethod(TestInvoker.java:605)
at org.testng.internal.TestInvoker.invokeTestMethod(TestInvoker.java:174)
at org.testng.internal.MethodRunner.runInSequence(MethodRunner.java:46)
at org.testng.internal.TestInvoker$MethodInvocationAgent.invoke(TestInvoker.java:822)
at org.testng.internal.TestInvoker.invokeTestMethods(TestInvoker.java:147)
at org.testng.internal.TestMethodWorker.invokeTestMethods(TestMethodWorker.java:146)
at org.testng.internal.TestMethodWorker.run(TestMethodWorker.java:128)
at java.util.concurrent.ThreadPoolExecutor.runWorker(ThreadPoolExecutor.java:1142)
at java.util.concurrent.ThreadPoolExecutor$Worker.run(ThreadPoolExecutor.java:617)
at java.lang.Thread.run(Thread.java:745)
]]>
            </full-stacktrace>
          </exception> <!-- org.openqa.selenium.NoSuchElementException -->
          <reporter-output>
          </reporter-output>
        </test-method> <!-- clickPreventiveMaintenancePageLink -->
        <test-method status="PASS" signature="clearCookies()[pri:0, instance:com.cisco.tests.sp2k.PreventiveMaintenanceIT@cc6460c]" name="clearCookies" is-config="true" duration-ms="57" started-at="2021-01-25T18:13:31 IST" finished-at="2021-01-25T18:13:31 IST">
          <reporter-output>
          </reporter-output>
        </test-method> <!-- clearCookies -->
        <test-method status="PASS" signature="launchBrowser()[pri:0, instance:com.cisco.tests.sp2k.PreventiveMaintenanceIT@cc6460c]" name="launchBrowser" is-config="true" duration-ms="0" started-at="2021-01-25T18:13:31 IST" finished-at="2021-01-25T18:13:31 IST">
          <reporter-output>
          </reporter-output>
        </test-method> <!-- launchBrowser -->
        <test-method status="FAIL" signature="clickPreventiveMaintenancePageLink()[pri:2, instance:com.cisco.tests.sp2k.PreventiveMaintenanceIT@cc6460c]" name="clickPreventiveMaintenancePageLink" duration-ms="7567" started-at="2021-01-25T18:13:31 IST" description="verify and clicking on the Preventive Maintenance Page Link" finished-at="2021-01-25T18:13:39 IST">
          <exception class="org.openqa.selenium.NoSuchElementException">
            <message>
              <![CDATA[Element with locator not found : //font[normalize-space()='Preventive Maintenance']
For documentation on this error, please visit: https://www.seleniumhq.org/exceptions/no_such_element.html
Build info: version: '3.141.59', revision: 'e82be7d358', time: '2018-11-14T08:17:03'
System info: host: 'HYD-LAP-00451', ip: '10.14.20.159', os.name: 'Windows 10', os.arch: 'amd64', os.version: '10.0', java.version: '1.8.0_91'
Driver info: driver.version: unknown]]>
            </message>
            <full-stacktrace>
              <![CDATA[org.openqa.selenium.NoSuchElementException: Element with locator not found : //font[normalize-space()='Preventive Maintenance']
For documentation on this error, please visit: https://www.seleniumhq.org/exceptions/no_such_element.html
Build info: version: '3.141.59', revision: 'e82be7d358', time: '2018-11-14T08:17:03'
System info: host: 'HYD-LAP-00451', ip: '10.14.20.159', os.name: 'Windows 10', os.arch: 'amd64', os.version: '10.0', java.version: '1.8.0_91'
Driver info: driver.version: unknown
at com.cisco.base.DriverUtils.getWebElement(DriverUtils.java:74)
at com.cisco.pages.sp2k.PreventiveMaintenancePage.clickPreventiveMaintenanceLink(PreventiveMaintenancePage.java:31)
at com.cisco.tests.sp2k.PreventiveMaintenanceIT.clickPreventiveMaintenancePageLink(PreventiveMaintenanceIT.java:40)
at sun.reflect.NativeMethodAccessorImpl.invoke0(Native Method)
at sun.reflect.NativeMethodAccessorImpl.invoke(NativeMethodAccessorImpl.java:62)
at sun.reflect.DelegatingMethodAccessorImpl.invoke(DelegatingMethodAccessorImpl.java:43)
at java.lang.reflect.Method.invoke(Method.java:498)
at org.testng.internal.MethodInvocationHelper.invokeMethod(MethodInvocationHelper.java:132)
at org.testng.internal.MethodInvocationHelper$1.runTestMethod(MethodInvocationHelper.java:238)
at com.cisco.listeners.HooksListener.run(HooksListener.java:20)
at org.testng.internal.MethodInvocationHelper.invokeHookable(MethodInvocationHelper.java:252)
at org.testng.internal.InvokeMethodRunnable.runOne(InvokeMethodRunnable.java:47)
at org.testng.internal.InvokeMethodRunnable.call(InvokeMethodRunnable.java:73)
at org.testng.internal.InvokeMethodRunnable.run(InvokeMethodRunnable.java:33)
at org.testng.internal.MethodInvocationHelper.invokeWithTimeoutWithNoExecutor(MethodInvocationHelper.java:314)
at org.testng.internal.MethodInvocationHelper.invokeWithTimeout(MethodInvocationHelper.java:280)
at org.testng.internal.TestInvoker.invokeMethod(TestInvoker.java:605)
at org.testng.internal.TestInvoker.retryFailed(TestInvoker.java:214)
at org.testng.internal.MethodRunner.runInSequence(MethodRunner.java:58)
at org.testng.internal.TestInvoker$MethodInvocationAgent.invoke(TestInvoker.java:822)
at org.testng.internal.TestInvoker.invokeTestMethods(TestInvoker.java:147)
at org.testng.internal.TestMethodWorker.invokeTestMethods(TestMethodWorker.java:146)
at org.testng.internal.TestMethodWorker.run(TestMethodWorker.java:128)
at java.util.concurrent.ThreadPoolExecutor.runWorker(ThreadPoolExecutor.java:1142)
at java.util.concurrent.ThreadPoolExecutor$Worker.run(ThreadPoolExecutor.java:617)
at java.lang.Thread.run(Thread.java:745)
]]>
            </full-stacktrace>
          </exception> <!-- org.openqa.selenium.NoSuchElementException -->
          <reporter-output>
          </reporter-output>
        </test-method> <!-- clickPreventiveMaintenancePageLink -->
        <test-method status="PASS" signature="clearCookies()[pri:0, instance:com.cisco.tests.sp2k.PreventiveMaintenanceIT@cc6460c]" name="clearCookies" is-config="true" duration-ms="28" started-at="2021-01-25T18:13:39 IST" finished-at="2021-01-25T18:13:39 IST">
          <reporter-output>
          </reporter-output>
        </test-method> <!-- clearCookies -->
        <test-method status="PASS" signature="closeDriverObjects()[pri:0, instance:com.cisco.tests.sp2k.PreventiveMaintenanceIT@cc6460c]" name="closeDriverObjects" is-config="true" duration-ms="1151" started-at="2021-01-25T18:13:39 IST" finished-at="2021-01-25T18:13:40 IST">
          <reporter-output>
          </reporter-output>
        </test-method> <!-- closeDriverObjects -->
      </class> <!-- com.cisco.tests.sp2k.PreventiveMaintenanceIT -->
    </test> <!-- PriventiveMaintenance -->
  </suite> <!-- PriventiveMaintenance -->
</testng-results>
