<?xml version="1.0" encoding="UTF-8"?>
<testsuite xmlns:xsi="http://www.w3.org/2001/XMLSchema-instance" xsi:noNamespaceSchemaLocation="https://maven.apache.org/surefire/maven-failsafe-plugin/xsd/failsafe-test-report-3.0.xsd" version="3.0" name="TestSuite" time="64.16" tests="3" errors="0" skipped="1" failures="1">
  <properties>
[...]
</properties>
  <testcase name="checkPreventiveMaintenancePageLink" classname="com.cisco.tests.sp2k.PreventiveMaintenanceIT" time="0.518">
    <system-out><![CDATA[Loading up the Config
...
... TestNG 7.3.0 by CÃ©dric Beust (cedric@beust.com)
...

2021-01-25 18:12:39  INFO [main] (DriverBase.java:33)- Setting Up the Web Driver Object
2021-01-25 18:12:40  INFO [TestNG-test=PriventiveMaintenance-1] (DriverFactory.java:74)- Local Operating System: WINDOWS 10
2021-01-25 18:12:40  INFO [TestNG-test=PriventiveMaintenance-1] (DriverFactory.java:75)- Local Architecture: amd64
2021-01-25 18:12:40  INFO [TestNG-test=PriventiveMaintenance-1] (DriverFactory.java:76)- Selected Browser: CHROME
2021-01-25 18:12:49  INFO [TestNG-test=PriventiveMaintenance-1] (DriverFactory.java:115)- Successfully launched the browser
2021-01-25 18:12:49  INFO [TestNG-test=PriventiveMaintenance-1] (AppUtils.java:123)- Logging in via sso login page
Successfully logged in to the Application
Fetching element with the locator : //td[contains(text(),'M & W Data Entry')] by --> xpath
Fetching element with the locator : //tbody/tr[2]/td[2] by --> xpath
Fetching element with the locator : //tbody/tr[3]/td[2] by --> xpath
Fetching element with the locator : //tbody/tr[4]/td[2] by --> xpath
Fetching element with the locator : //tbody/tr[5]/td[2] by --> xpath
Fetching element with the locator : //tbody/tr[6]/td[2] by --> xpath
Fetching element with the locator : //tbody/tr[7]/td[2] by --> xpath
Actual Pages:-[Preventive Maintenance, Quality Assurance, Resource Tracking, Labor, Safety, Audit Report]
Fetching element with the locator : //tbody/tr[2]/td[2] by --> xpath
Fetching element with the locator : //tbody/tr[3]/td[2] by --> xpath
Fetching element with the locator : //tbody/tr[4]/td[2] by --> xpath
Fetching element with the locator : //tbody/tr[5]/td[2] by --> xpath
Fetching element with the locator : //tbody/tr[6]/td[2] by --> xpath
Fetching element with the locator : //tbody/tr[7]/td[2] by --> xpath
]]></system-out>
    <system-err><![CDATA[Jan 25, 2021 6:12:40 PM io.github.bonigarcia.wdm.WebDriverManager setup
INFO: Please answer the following questionnaire based on your experience with WebDriverManager. Thanks a lot!
Jan 25, 2021 6:12:40 PM io.github.bonigarcia.wdm.WebDriverManager setup
INFO: ====> http://tiny.cc/wdm-survey <====
Jan 25, 2021 6:12:41 PM io.github.bonigarcia.wdm.WebDriverManager resolveDriverVersion
INFO: Using chromedriver 87.0.4280.88 (since Chrome 87 is installed in your machine)
Jan 25, 2021 6:12:41 PM io.github.bonigarcia.wdm.WebDriverManager exportDriver
INFO: Exporting webdriver.chrome.driver as C:\Users\srireddy\.m2\repository\webdriver\chromedriver\win32\87.0.4280.88\chromedriver.exe
Starting ChromeDriver 87.0.4280.88 (89e2380a3e36c3464b5dd1302349b1382549290d-refs/branch-heads/4280@{#1761}) on port 38890
Only local connections are allowed.
Please see https://chromedriver.chromium.org/security-considerations for suggestions on keeping ChromeDriver safe.
ChromeDriver was started successfully.
Jan 25, 2021 6:12:49 PM org.openqa.selenium.remote.ProtocolHandshake createSession
INFO: Detected dialect: W3C
]]></system-err>
  </testcase>
  <testcase name="clickPreventiveMaintenancePageLink" classname="com.cisco.tests.sp2k.PreventiveMaintenanceIT" time="0">
    <skipped message="Element with locator not found : //font[normalize-space()=&apos;Preventive Maintenance&apos;]&#10;For documentation on this error, please visit: https://www.seleniumhq.org/exceptions/no_such_element.html&#10;Build info: version: &apos;3.141.59&apos;, revision: &apos;e82be7d358&apos;, time: &apos;2018-11-14T08:17:03&apos;&#10;System info: host: &apos;HYD-LAP-00451&apos;, ip: &apos;10.14.20.159&apos;, os.name: &apos;Windows 10&apos;, os.arch: &apos;amd64&apos;, os.version: &apos;10.0&apos;, java.version: &apos;1.8.0_91&apos;&#10;Driver info: driver.version: unknown"/>
    <system-out><![CDATA[********************************************************************************************
checkPreventiveMaintenancePageLink has passed
2021-01-25 18:13:22  INFO [TestNG-test=PriventiveMaintenance-1] (TestListeners.java:22)- PreventiveMaintenanceIT.checkPreventiveMaintenancePageLink()[pri:1, instance:com.cisco.tests.sp2k.PreventiveMaintenanceIT@cc6460c]--Passed
2021-01-25 18:13:23  INFO [TestNG-test=PriventiveMaintenance-1] (DriverBase.java:48)- Clearing up the Cookies...
Fetching element with the locator : //span[normalize-space()='Preventive Maintenance'] by --> xpath
2021-01-25 18:13:31  INFO [TestNG-test=PriventiveMaintenance-1] (RetryListener.java:15)- Retrying test clickPreventiveMaintenancePageLink with status FAILURE for the 1 time(s).
Retrying test clickPreventiveMaintenancePageLink with status FAILURE for the 1 time(s).
]]></system-out>
  </testcase>
  <testcase name="clickPreventiveMaintenancePageLink" classname="com.cisco.tests.sp2k.PreventiveMaintenanceIT" time="7.567">
    <failure message="Element with locator not found : //font[normalize-space()=&apos;Preventive Maintenance&apos;]&#10;For documentation on this error, please visit: https://www.seleniumhq.org/exceptions/no_such_element.html&#10;Build info: version: &apos;3.141.59&apos;, revision: &apos;e82be7d358&apos;, time: &apos;2018-11-14T08:17:03&apos;&#10;System info: host: &apos;HYD-LAP-00451&apos;, ip: &apos;10.14.20.159&apos;, os.name: &apos;Windows 10&apos;, os.arch: &apos;amd64&apos;, os.version: &apos;10.0&apos;, java.version: &apos;1.8.0_91&apos;&#10;Driver info: driver.version: unknown" type="org.openqa.selenium.NoSuchElementException"><![CDATA[org.openqa.selenium.NoSuchElementException: 
Element with locator not found : //font[normalize-space()='Preventive Maintenance']
For documentation on this error, please visit: https://www.seleniumhq.org/exceptions/no_such_element.html
Build info: version: '3.141.59', revision: 'e82be7d358', time: '2018-11-14T08:17:03'
System info: host: 'HYD-LAP-00451', ip: '10.14.20.159', os.name: 'Windows 10', os.arch: 'amd64', os.version: '10.0', java.version: '1.8.0_91'
Driver info: driver.version: unknown
	at com.cisco.tests.sp2k.PreventiveMaintenanceIT.clickPreventiveMaintenancePageLink(PreventiveMaintenanceIT.java:40)
]]></failure>
    <system-out><![CDATA[********************************************************************************************
clickPreventiveMaintenancePageLink has been skipped
2021-01-25 18:13:31  INFO [TestNG-test=PriventiveMaintenance-1] (TestListeners.java:36)- PreventiveMaintenanceIT.clickPreventiveMaintenancePageLink()[pri:2, instance:com.cisco.tests.sp2k.PreventiveMaintenanceIT@cc6460c]--Skipped
org.openqa.selenium.NoSuchElementException: Element with locator not found : //font[normalize-space()='Preventive Maintenance']
For documentation on this error, please visit: https://www.seleniumhq.org/exceptions/no_such_element.html
Build info: version: '3.141.59', revision: 'e82be7d358', time: '2018-11-14T08:17:03'
System info: host: 'HYD-LAP-00451', ip: '10.14.20.159', os.name: 'Windows 10', os.arch: 'amd64', os.version: '10.0', java.version: '1.8.0_91'
Driver info: driver.version: unknown
	at com.cisco.base.DriverUtils.getWebElement(DriverUtils.java:74)
	at com.cisco.pages.sp2k.PreventiveMaintenancePage.clickPreventiveMaintenanceLink(PreventiveMaintenancePage.java:31)
	at com.cisco.tests.sp2k.PreventiveMaintenanceIT.clickPreventiveMaintenancePageLink(PreventiveMaintenanceIT.java:40)
	at sun.reflect.NativeMethodAccessorImpl.invoke0(Native Method)
	at sun.reflect.NativeMethodAccessorImpl.invoke(NativeMethodAccessorImpl.java:62)
	at sun.reflect.DelegatingMethodAccessorImpl.invoke(DelegatingMethodAccessorImpl.java:43)
	at java.lang.reflect.Method.invoke(Method.java:498)
	at org.testng.internal.MethodInvocationHelper.invokeMethod(MethodInvocationHelper.java:132)
	at org.testng.internal.MethodInvocationHelper$1.runTestMethod(MethodInvocationHelper.java:238)
	at com.cisco.listeners.HooksListener.run(HooksListener.java:20)
	at org.testng.internal.MethodInvocationHelper.invokeHookable(MethodInvocationHelper.java:252)
	at org.testng.internal.InvokeMethodRunnable.runOne(InvokeMethodRunnable.java:47)
	at org.testng.internal.InvokeMethodRunnable.call(InvokeMethodRunnable.java:73)
	at org.testng.internal.InvokeMethodRunnable.run(InvokeMethodRunnable.java:33)
	at org.testng.internal.MethodInvocationHelper.invokeWithTimeoutWithNoExecutor(MethodInvocationHelper.java:314)
	at org.testng.internal.MethodInvocationHelper.invokeWithTimeout(MethodInvocationHelper.java:280)
	at org.testng.internal.TestInvoker.invokeMethod(TestInvoker.java:605)
	at org.testng.internal.TestInvoker.invokeTestMethod(TestInvoker.java:174)
	at org.testng.internal.MethodRunner.runInSequence(MethodRunner.java:46)
	at org.testng.internal.TestInvoker$MethodInvocationAgent.invoke(TestInvoker.java:822)
	at org.testng.internal.TestInvoker.invokeTestMethods(TestInvoker.java:147)
	at org.testng.internal.TestMethodWorker.invokeTestMethods(TestMethodWorker.java:146)
	at org.testng.internal.TestMethodWorker.run(TestMethodWorker.java:128)
	at java.util.concurrent.ThreadPoolExecutor.runWorker(ThreadPoolExecutor.java:1142)
	at java.util.concurrent.ThreadPoolExecutor$Worker.run(ThreadPoolExecutor.java:617)
	at java.lang.Thread.run(Thread.java:745)
2021-01-25 18:13:31  INFO [TestNG-test=PriventiveMaintenance-1] (DriverBase.java:48)- Clearing up the Cookies...
Fetching element with the locator : //span[normalize-space()='Preventive Maintenance'] by --> xpath
]]></system-out>
  </testcase>
</testsuite>