<?xml version="1.0" encoding="UTF-8"?>
<!-- Generated by org.testng.reporters.JUnitXMLReporter -->
<testsuite hostname="HYD-LAP-00451" ignored="0" name="PriventiveMaintenance" tests="3" failures="1" timestamp="2021-01-25T18:13:39 IST" time="59.628" errors="0">
  <testcase name="checkPreventiveMaintenancePageLink" time="0.604" classname="com.cisco.tests.sp2k.PreventiveMaintenanceIT"/>
  <testcase name="clickPreventiveMaintenancePageLink" time="8.834" classname="com.cisco.tests.sp2k.PreventiveMaintenanceIT">
    <skipped/>
  </testcase> <!-- clickPreventiveMaintenancePageLink -->
  <testcase name="clickPreventiveMaintenancePageLink" time="7.567" classname="com.cisco.tests.sp2k.PreventiveMaintenanceIT">
    <failure type="org.openqa.selenium.NoSuchElementException" message="Element with locator not found : //font[normalize-space()=&amp;apos;Preventive Maintenance&amp;apos;]
For documentation on this error, please visit: https://www.seleniumhq.org/exceptions/no_such_element.html
Build info: version: &amp;apos;3.141.59&amp;apos;, revision: &amp;apos;e82be7d358&amp;apos;, time: &amp;apos;2018-11-14T08:17:03&amp;apos;
System info: host: &amp;apos;HYD-LAP-00451&amp;apos;, ip: &amp;apos;10.14.20.159&amp;apos;, os.name: &amp;apos;Windows 10&amp;apos;, os.arch: &amp;apos;amd64&amp;apos;, os.version: &amp;apos;10.0&amp;apos;, java.version: &amp;apos;1.8.0_91&amp;apos;
Driver info: driver.version: unknown">
      <![CDATA[org.openqa.selenium.NoSuchElementException: Element with locator not found : //font[normalize-space()='Preventive Maintenance']
For documentation on this error, please visit: https://www.seleniumhq.org/exceptions/no_such_element.html
Build info: version: '3.141.59', revision: 'e82be7d358', time: '2018-11-14T08:17:03'
System info: host: 'HYD-LAP-00451', ip: '10.14.20.159', os.name: 'Windows 10', os.arch: 'amd64', os.version: '10.0', java.version: '1.8.0_91'
Driver info: driver.version: unknown
at com.cisco.base.DriverUtils.getWebElement(DriverUtils.java:74)
at com.cisco.pages.sp2k.PreventiveMaintenancePage.clickPreventiveMaintenanceLink(PreventiveMaintenancePage.java:31)
at com.cisco.tests.sp2k.PreventiveMaintenanceIT.clickPreventiveMaintenancePageLink(PreventiveMaintenanceIT.java:40)
at com.cisco.listeners.HooksListener.run(HooksListener.java:20)
at java.util.concurrent.ThreadPoolExecutor.runWorker(ThreadPoolExecutor.java:1142)
at java.util.concurrent.ThreadPoolExecutor$Worker.run(ThreadPoolExecutor.java:617)
at java.lang.Thread.run(Thread.java:745)
... Removed 19 stack frames]]>
    </failure>
  </testcase> <!-- clickPreventiveMaintenancePageLink -->
</testsuite> <!-- PriventiveMaintenance -->
